1)Uptime: 
  18:54:50 up 27 min,  1 user,  load average: 0,43, 0,70, 0,85 
2) Current users:
 adm_stefan
3) Recent logins:
 adm_stef :0           :0               Wed May 11 18:28   still logged in
reboot   system boot  5.8.0-48-generic Wed May 11 18:27   still running
adm_stef :0           :0               Wed May 11 15:47 - crash  (02:39)
reboot   system boot  5.8.0-48-generic Wed May 11 15:46   still running
adm_stef :0           :0               Tue Apr 19 11:09 - down   (02:38)
reboot   system boot  5.8.0-48-generic Tue Apr 19 14:05 - 13:47  (-00:18)
adm_stef :0           :0               Mon Apr 18 17:56 - crash  (20:08)
reboot   system boot  5.8.0-48-generic Mon Apr 18 18:05 - 13:47  (19:42)
adm_stef :0           :0               Mon Apr 18 10:22 - down   (01:48)
reboot   system boot  5.8.0-48-generic Mon Apr 18 13:20 - 12:11  (-1:08) 
4) TOP-10 processes by RAM/CPU usage:
     PID    PPID CMD                         %MEM %CPU
   2419    1288 /opt/google/chrome/chrome -  7.5  4.4
   1602    1288 /usr/bin/gnome-shell         5.9  4.1
   2700    2441 /opt/google/chrome/chrome -  5.1  1.3
   2610    2441 /opt/google/chrome/chrome -  4.4  0.9
   4092    2441 /opt/google/chrome/chrome -  4.3  3.8
   3202    2441 /opt/google/chrome/chrome -  3.8  0.6
   3709    2441 /opt/google/chrome/chrome -  3.8  1.2
   3676    2441 /opt/google/chrome/chrome -  3.6  1.1
   3637    2441 /opt/google/chrome/chrome -  3.6  0.3
5) Open TCP/UDP ports:
 tcp        0      0 127.0.0.53:53           0.0.0.0:*               LISTEN      406/systemd-resolve 
tcp        0      0 127.0.0.1:631           0.0.0.0:*               LISTEN      448/cupsd           
tcp6       0      0 ::1:631                 :::*                    LISTEN      448/cupsd           
6) Virtual Memory usage:
 procs -----------memory---------- ---swap-- -----io---- -system-- ------cpu-----
 r  b   swpd   free   buff  cache   si   so    bi    bo   in   cs us sy id wa st
 1  0      0 395132  77308 1836820    0    0   228    49  346  622  6  2 85  7  0
7) Usage of disk space:
 Файл.система   Размер Использовано  Дост Использовано% Cмонтировано в
udev             1,9G            0  1,9G            0% /dev
tmpfs            380M         1,8M  378M            1% /run
/dev/sda3         26G          15G  9,7G           60% /
tmpfs            1,9G          66M  1,8G            4% /dev/shm
tmpfs            5,0M         4,0K  5,0M            1% /run/lock
tmpfs            1,9G            0  1,9G            0% /sys/fs/cgroup
/dev/loop2       128K         128K     0          100% /snap/bare/5
/dev/loop0       283M         283M     0          100% /snap/atom/275
/dev/loop1        56M          56M     0          100% /snap/core18/2253
/dev/loop3       286M         286M     0          100% /snap/atom/282
/dev/loop4        56M          56M     0          100% /snap/core18/2344
/dev/loop5        62M          62M     0          100% /snap/core20/1405
/dev/loop6        62M          62M     0          100% /snap/core20/1434
/dev/loop7       163M         163M     0          100% /snap/gnome-3-28-1804/145
/dev/loop8       165M         165M     0          100% /snap/gnome-3-28-1804/161
/dev/loop9       219M         219M     0          100% /snap/gnome-3-34-1804/72
/dev/loop10      219M         219M     0          100% /snap/gnome-3-34-1804/77
/dev/loop11      248M         248M     0          100% /snap/gnome-3-38-2004/87
/dev/loop12      249M         249M     0          100% /snap/gnome-3-38-2004/99
/dev/loop13       66M          66M     0          100% /snap/gtk-common-themes/1515
/dev/loop14       66M          66M     0          100% /snap/gtk-common-themes/1519
/dev/loop15      9,5M         9,5M     0          100% /snap/htop/3359
/dev/loop16       52M          52M     0          100% /snap/snap-store/518
/dev/loop17       55M          55M     0          100% /snap/snap-store/558
/dev/loop18      9,7M         9,7M     0          100% /snap/htop/3390
/dev/loop19       44M          44M     0          100% /snap/snapd/15177
/dev/loop20       45M          45M     0          100% /snap/snapd/15534
tmpfs            380M          56K  380M            1% /run/user/1001
